{
    "C:\\Users\\lukasz.przezorski\\Desktop\\istanbul2\\test.java": {
        "path": "C:\\Users\\lukasz.przezorski\\Desktop\\istanbul2\\test.java",
        "s": {
            "1": 1,
            "2": 1,
            "3": 0,
            "4": 0,
            "5": 1,
            "6": 0,
            "7": 1,
            "8": 1,
            "9": 1,
            "10": 0
        },
        "b": {
        },
        "f": {},
        "fnMap": {},
        "statementMap": {
            "1": {
                "start": {
                    "line": 1,
                    "column": 0
                },
                "end": {
                    "line": 1,
                    "column": 500
                }
            },
            "2": {
                "start": {
                    "line": 2,
                    "column": 0
                },
                "end": {
                    "line": 2,
                    "column": 500
                }
            },
            "3": {
                "start": {
                    "line": 3,
                    "column": 0
                },
                "end": {
                    "line": 3,
                    "column": 500
                }
            },
            "4": {
                "start": {
                    "line": 4,
                    "column": 0
                },
                "end": {
                    "line": 4,
                    "column": 500
                }
            },
            "5": {
                "start": {
                    "line": 5,
                    "column": 0
                },
                "end": {
                    "line": 5,
                    "column": 500
                }
            },
            "6": {
                "start": {
                    "line": 6,
                    "column": 0
                },
                "end": {
                    "line": 6,
                    "column": 500
                }
            },
            "7": {
                "start": {
                    "line": 7,
                    "column": 0
                },
                "end": {
                    "line": 7,
                    "column": 500
                }
            },
            "8": {
                "start": {
                    "line": 8,
                    "column": 0
                },
                "end": {
                    "line": 8,
                    "column": 500
                }
            },
            "9": {
                "start": {
                    "line": 9,
                    "column": 0
                },
                "end": {
                    "line": 9,
                    "column": 500
                }
            },
            "10": {
                "start": {
                    "line": 10,
                    "column": 0
                },
                "end": {
                    "line": 10,
                    "column": 500
                }
            }
        },
        "branchMap": {}
    },
    "C:\\Users\\lukasz.przezorski\\Desktop\\istanbul2\\test.js": {
        "path": "C:\\Users\\lukasz.przezorski\\Desktop\\istanbul2\\test.js",
        "s": {
            "1": 1,
            "2": 1
        },
        "b": {},
        "f": {},
        "fnMap": {},
        "statementMap": {
            "1": {
                "start": {
                    "line": 1,
                    "column": 0
                },
                "end": {
                    "line": 1,
                    "column": 500
                }
            },
            "2": {
                "start": {
                    "line": 2,
                    "column": 0
                },
                "end": {
                    "line": 2,
                    "column": 500
                }
            }
        },
        "branchMap": {}
    }
}