{"C:\\WorkingFolder\\Istanbul\\Examples\\Polish\\test.js":{"path":"C:\\WorkingFolder\\Istanbul\\Examples\\Polish\\test.js","s":{"1":1,"2":1,"3":1,"4":1,"5":1,"6":1,"7":1,"8":1,"9":3,"10":1,"11":1,"12":0,"13":1,"14":0},"b":{"1":[1,1,0,1]},"f":{"1":1,"2":3},"fnMap":{"1":{"name":"getNumber","line":9,"loc":{"start":{"line":9,"column":0},"end":{"line":10,"column":0}}},"2":{"name":"myFunc1","line":13,"loc":{"start":{"line":13,"column":0},"end":{"line":14,"column":0}}}},"statementMap":{"1":{"start":{"line":1,"column":0},"end":{"line":1,"column":23}},"2":{"start":{"line":2,"column":0},"end":{"line":2,"column":19}},"3":{"start":{"line":3,"column":0},"end":{"line":3,"column":19}},"4":{"start":{"line":4,"column":0},"end":{"line":4,"column":20}},"5":{"start":{"line":6,"column":0},"end":{"line":6,"column":7}},"6":{"start":{"line":9,"column":0},"end":{"line":12,"column":1}},"7":{"start":{"line":11,"column":4},"end":{"line":11,"column":27}},"8":{"start":{"line":13,"column":0},"end":{"line":27,"column":1}},"9":{"start":{"line":15,"column":4},"end":{"line":25,"column":5}},"10":{"start":{"line":18,"column":12},"end":{"line":18,"column":21}},"11":{"start":{"line":20,"column":12},"end":{"line":20,"column":21}},"12":{"start":{"line":22,"column":12},"end":{"line":22,"column":21}},"13":{"start":{"line":24,"column":12},"end":{"line":24,"column":21}},"14":{"start":{"line":26,"column":4},"end":{"line":26,"column":13}}},"branchMap":{"1":{"line":15,"type":"switch","locations":[{"start":{"line":17,"column":8},"end":{"line":18,"column":21}},{"start":{"line":19,"column":8},"end":{"line":20,"column":21}},{"start":{"line":21,"column":8},"end":{"line":22,"column":21}},{"start":{"line":23,"column":8},"end":{"line":24,"column":21}}]}}}}