TN:
SF:C:\WorkingFolder\X3\Istanbul\Examples\4GL\TRT\AP-AR accounting\ZISTANBUL0.src
FNF:0
FNH:0
DA:2,1
DA:3,1
LF:2
LH:2
BRDA:3,1,0,0
BRDA:3,1,1,1
BRF:2
BRH:1
end_of_record
TN:
SF:C:\WorkingFolder\X3\Istanbul\Examples\4GL\TRT\AP-AR accounting\ZISTANBUL1.src
FNF:0
FNH:0
DA:2,1
DA:3,1
LF:2
LH:2
BRDA:3,1,0,0
BRDA:3,1,1,1
BRF:2
BRH:1
end_of_record
TN:
SF:C:\WorkingFolder\X3\Istanbul\Examples\4GL\TRT\AP-AR accounting\ZISTANBUL2.src
FNF:0
FNH:0
DA:2,1
DA:3,1
LF:2
LH:2
BRDA:3,1,0,0
BRDA:3,1,1,1
BRF:2
BRH:1
end_of_record
TN:
SF:C:\WorkingFolder\X3\Istanbul\Examples\4GL\TRT\AP-AR accounting\ZISTANBUL3.src
FNF:0
FNH:0
DA:2,1
DA:3,1
LF:2
LH:2
BRDA:3,1,0,0
BRDA:3,1,1,1
BRF:2
BRH:1
end_of_record
TN:
SF:C:\WorkingFolder\X3\Istanbul\Examples\4GL\TRT\AP-AR accounting\ZISTANBUL4.src
FNF:0
FNH:0
DA:2,1
DA:3,1
LF:2
LH:2
BRDA:3,1,0,0
BRDA:3,1,1,1
BRF:2
BRH:1
end_of_record
TN:
SF:C:\WorkingFolder\X3\Istanbul\Examples\4GL\TRT\AP-AR accounting\ZISTANBUL5.src
FNF:0
FNH:0
DA:2,1
DA:3,1
LF:2
LH:2
BRDA:3,1,0,0
BRDA:3,1,1,1
BRF:2
BRH:1
end_of_record
TN:
SF:C:\WorkingFolder\X3\Istanbul\Examples\4GL\TRT\AP-AR accounting\ZISTANBUL6.src
FNF:0
FNH:0
DA:2,1
DA:3,1
LF:2
LH:2
BRDA:3,1,0,0
BRDA:3,1,1,1
BRF:2
BRH:1
end_of_record
TN:
SF:C:\WorkingFolder\X3\Istanbul\Examples\4GL\TRT\AP-AR accounting\ZISTANBUL7.src
FNF:0
FNH:0
DA:2,1
DA:3,1
LF:2
LH:2
BRDA:3,1,0,0
BRDA:3,1,1,1
BRF:2
BRH:1
end_of_record
TN:
SF:C:\WorkingFolder\X3\Istanbul\Examples\4GL\TRT\AP-AR accounting\ZISTANBUL8.src
FNF:0
FNH:0
DA:2,1
DA:3,1
LF:2
LH:2
BRDA:3,1,0,0
BRDA:3,1,1,1
BRF:2
BRH:1
end_of_record
TN:
SF:C:\WorkingFolder\X3\Istanbul\Examples\4GL\TRT\AP-AR accounting\ZISTANBUL9.src
FNF:0
FNH:0
DA:2,1
DA:3,1
LF:2
LH:2
BRDA:3,1,0,0
BRDA:3,1,1,1
BRF:2
BRH:1
end_of_record
TN:
SF:C:\WorkingFolder\X3\Istanbul\Examples\4GL\TRT\Common Data\ZISTANBUL0.src
FNF:0
FNH:0
DA:2,1
DA:3,1
LF:2
LH:2
BRDA:3,1,0,0
BRDA:3,1,1,1
BRF:2
BRH:1
end_of_record
TN:
SF:C:\WorkingFolder\X3\Istanbul\Examples\4GL\TRT\Common Data\ZISTANBUL1.src
FNF:0
FNH:0
DA:2,1
DA:3,1
LF:2
LH:2
BRDA:3,1,0,0
BRDA:3,1,1,1
BRF:2
BRH:1
end_of_record
TN:
SF:C:\WorkingFolder\X3\Istanbul\Examples\4GL\TRT\Common Data\ZISTANBUL2.src
FNF:0
FNH:0
DA:2,1
DA:3,1
LF:2
LH:2
BRDA:3,1,0,0
BRDA:3,1,1,1
BRF:2
BRH:1
end_of_record
TN:
SF:C:\WorkingFolder\X3\Istanbul\Examples\4GL\TRT\Common Data\ZISTANBUL3.src
FNF:0
FNH:0
DA:2,1
DA:3,1
LF:2
LH:2
BRDA:3,1,0,0
BRDA:3,1,1,1
BRF:2
BRH:1
end_of_record
TN:
SF:C:\WorkingFolder\X3\Istanbul\Examples\4GL\TRT\Common Data\ZISTANBUL4.src
FNF:0
FNH:0
DA:2,1
DA:3,1
LF:2
LH:2
BRDA:3,1,0,0
BRDA:3,1,1,1
BRF:2
BRH:1
end_of_record
TN:
SF:C:\WorkingFolder\X3\Istanbul\Examples\4GL\TRT\Common Data\ZISTANBUL5.src
FNF:0
FNH:0
DA:2,1
DA:3,1
LF:2
LH:2
BRDA:3,1,0,0
BRDA:3,1,1,1
BRF:2
BRH:1
end_of_record
TN:
SF:C:\WorkingFolder\X3\Istanbul\Examples\4GL\TRT\Common Data\ZISTANBUL6.src
FNF:0
FNH:0
DA:2,1
DA:3,1
LF:2
LH:2
BRDA:3,1,0,0
BRDA:3,1,1,1
BRF:2
BRH:1
end_of_record
TN:
SF:C:\WorkingFolder\X3\Istanbul\Examples\4GL\TRT\Common Data\ZISTANBUL7.src
FNF:0
FNH:0
DA:2,1
DA:3,1
LF:2
LH:2
BRDA:3,1,0,0
BRDA:3,1,1,1
BRF:2
BRH:1
end_of_record
TN:
SF:C:\WorkingFolder\X3\Istanbul\Examples\4GL\TRT\Common Data\ZISTANBUL8.src
FNF:0
FNH:0
DA:2,1
DA:3,1
LF:2
LH:2
BRDA:3,1,0,0
BRDA:3,1,1,1
BRF:2
BRH:1
end_of_record
TN:
SF:C:\WorkingFolder\X3\Istanbul\Examples\4GL\TRT\Common Data\ZISTANBUL9.src
FNF:0
FNH:0
DA:2,1
DA:3,1
LF:2
LH:2
BRDA:3,1,0,0
BRDA:3,1,1,1
BRF:2
BRH:1
end_of_record
TN:
SF:C:\WorkingFolder\X3\Istanbul\Examples\4GL\TRT\CRM activities\ZISTANBUL0.src
FNF:0
FNH:0
DA:2,1
DA:3,1
LF:2
LH:2
BRDA:3,1,0,0
BRDA:3,1,1,1
BRF:2
BRH:1
end_of_record
TN:
SF:C:\WorkingFolder\X3\Istanbul\Examples\4GL\TRT\CRM activities\ZISTANBUL1.src
FNF:0
FNH:0
DA:2,1
DA:3,1
LF:2
LH:2
BRDA:3,1,0,0
BRDA:3,1,1,1
BRF:2
BRH:1
end_of_record
TN:
SF:C:\WorkingFolder\X3\Istanbul\Examples\4GL\TRT\CRM activities\ZISTANBUL2.src
FNF:0
FNH:0
DA:2,1
DA:3,1
LF:2
LH:2
BRDA:3,1,0,0
BRDA:3,1,1,1
BRF:2
BRH:1
end_of_record
TN:
SF:C:\WorkingFolder\X3\Istanbul\Examples\4GL\TRT\CRM activities\ZISTANBUL3.src
FNF:0
FNH:0
DA:2,1
DA:3,1
LF:2
LH:2
BRDA:3,1,0,0
BRDA:3,1,1,1
BRF:2
BRH:1
end_of_record
TN:
SF:C:\WorkingFolder\X3\Istanbul\Examples\4GL\TRT\CRM activities\ZISTANBUL4.src
FNF:0
FNH:0
DA:2,1
DA:3,1
LF:2
LH:2
BRDA:3,1,0,0
BRDA:3,1,1,1
BRF:2
BRH:1
end_of_record
TN:
SF:C:\WorkingFolder\X3\Istanbul\Examples\4GL\TRT\CRM activities\ZISTANBUL5.src
FNF:0
FNH:0
DA:2,1
DA:3,1
LF:2
LH:2
BRDA:3,1,0,0
BRDA:3,1,1,1
BRF:2
BRH:1
end_of_record
TN:
SF:C:\WorkingFolder\X3\Istanbul\Examples\4GL\TRT\CRM activities\ZISTANBUL6.src
FNF:0
FNH:0
DA:2,1
DA:3,1
LF:2
LH:2
BRDA:3,1,0,0
BRDA:3,1,1,1
BRF:2
BRH:1
end_of_record
TN:
SF:C:\WorkingFolder\X3\Istanbul\Examples\4GL\TRT\CRM activities\ZISTANBUL7.src
FNF:0
FNH:0
DA:2,1
DA:3,1
LF:2
LH:2
BRDA:3,1,0,0
BRDA:3,1,1,1
BRF:2
BRH:1
end_of_record
TN:
SF:C:\WorkingFolder\X3\Istanbul\Examples\4GL\TRT\CRM activities\ZISTANBUL8.src
FNF:0
FNH:0
DA:2,1
DA:3,1
LF:2
LH:2
BRDA:3,1,0,0
BRDA:3,1,1,1
BRF:2
BRH:1
end_of_record
TN:
SF:C:\WorkingFolder\X3\Istanbul\Examples\4GL\TRT\CRM activities\ZISTANBUL9.src
FNF:0
FNH:0
DA:2,1
DA:3,1
LF:2
LH:2
BRDA:3,1,0,0
BRDA:3,1,1,1
BRF:2
BRH:1
end_of_record
TN:
SF:C:\WorkingFolder\X3\Istanbul\Examples\4GL\TRT\Development\ZISTANBUL0.src
FNF:0
FNH:0
DA:2,1
DA:3,1
LF:2
LH:2
BRDA:3,1,0,0
BRDA:3,1,1,1
BRF:2
BRH:1
end_of_record
TN:
SF:C:\WorkingFolder\X3\Istanbul\Examples\4GL\TRT\Development\ZISTANBUL1.src
FNF:0
FNH:0
DA:2,1
DA:3,1
LF:2
LH:2
BRDA:3,1,0,0
BRDA:3,1,1,1
BRF:2
BRH:1
end_of_record
TN:
SF:C:\WorkingFolder\X3\Istanbul\Examples\4GL\TRT\Development\ZISTANBUL2.src
FNF:0
FNH:0
DA:2,1
DA:3,1
LF:2
LH:2
BRDA:3,1,0,0
BRDA:3,1,1,1
BRF:2
BRH:1
end_of_record
TN:
SF:C:\WorkingFolder\X3\Istanbul\Examples\4GL\TRT\Development\ZISTANBUL3.src
FNF:0
FNH:0
DA:2,1
DA:3,1
LF:2
LH:2
BRDA:3,1,0,0
BRDA:3,1,1,1
BRF:2
BRH:1
end_of_record
TN:
SF:C:\WorkingFolder\X3\Istanbul\Examples\4GL\TRT\Development\ZISTANBUL4.src
FNF:0
FNH:0
DA:2,1
DA:3,1
LF:2
LH:2
BRDA:3,1,0,0
BRDA:3,1,1,1
BRF:2
BRH:1
end_of_record
TN:
SF:C:\WorkingFolder\X3\Istanbul\Examples\4GL\TRT\Development\ZISTANBUL5.src
FNF:0
FNH:0
DA:2,1
DA:3,1
LF:2
LH:2
BRDA:3,1,0,0
BRDA:3,1,1,1
BRF:2
BRH:1
end_of_record
TN:
SF:C:\WorkingFolder\X3\Istanbul\Examples\4GL\TRT\Development\ZISTANBUL6.src
FNF:0
FNH:0
DA:2,1
DA:3,1
LF:2
LH:2
BRDA:3,1,0,0
BRDA:3,1,1,1
BRF:2
BRH:1
end_of_record
TN:
SF:C:\WorkingFolder\X3\Istanbul\Examples\4GL\TRT\Development\ZISTANBUL7.src
FNF:0
FNH:0
DA:2,1
DA:3,1
LF:2
LH:2
BRDA:3,1,0,0
BRDA:3,1,1,1
BRF:2
BRH:1
end_of_record
TN:
SF:C:\WorkingFolder\X3\Istanbul\Examples\4GL\TRT\Development\ZISTANBUL8.src
FNF:0
FNH:0
DA:2,1
DA:3,1
LF:2
LH:2
BRDA:3,1,0,0
BRDA:3,1,1,1
BRF:2
BRH:1
end_of_record
TN:
SF:C:\WorkingFolder\X3\Istanbul\Examples\4GL\TRT\Development\ZISTANBUL9.src
FNF:0
FNH:0
DA:2,1
DA:3,1
LF:2
LH:2
BRDA:3,1,0,0
BRDA:3,1,1,1
BRF:2
BRH:1
end_of_record
TN:
SF:C:\WorkingFolder\X3\Istanbul\Examples\4GL\TRT\External\ZISTANBUL0.src
FNF:0
FNH:0
DA:2,1
DA:3,1
LF:2
LH:2
BRDA:3,1,0,0
BRDA:3,1,1,1
BRF:2
BRH:1
end_of_record
TN:
SF:C:\WorkingFolder\X3\Istanbul\Examples\4GL\TRT\External\ZISTANBUL1.src
FNF:0
FNH:0
DA:2,1
DA:3,1
LF:2
LH:2
BRDA:3,1,0,0
BRDA:3,1,1,1
BRF:2
BRH:1
end_of_record
TN:
SF:C:\WorkingFolder\X3\Istanbul\Examples\4GL\TRT\External\ZISTANBUL2.src
FNF:0
FNH:0
DA:2,1
DA:3,1
LF:2
LH:2
BRDA:3,1,0,0
BRDA:3,1,1,1
BRF:2
BRH:1
end_of_record
TN:
SF:C:\WorkingFolder\X3\Istanbul\Examples\4GL\TRT\External\ZISTANBUL3.src
FNF:0
FNH:0
DA:2,1
DA:3,1
LF:2
LH:2
BRDA:3,1,0,0
BRDA:3,1,1,1
BRF:2
BRH:1
end_of_record
TN:
SF:C:\WorkingFolder\X3\Istanbul\Examples\4GL\TRT\External\ZISTANBUL4.src
FNF:0
FNH:0
DA:2,1
DA:3,1
LF:2
LH:2
BRDA:3,1,0,0
BRDA:3,1,1,1
BRF:2
BRH:1
end_of_record
TN:
SF:C:\WorkingFolder\X3\Istanbul\Examples\4GL\TRT\External\ZISTANBUL5.src
FNF:0
FNH:0
DA:2,1
DA:3,1
LF:2
LH:2
BRDA:3,1,0,0
BRDA:3,1,1,1
BRF:2
BRH:1
end_of_record
TN:
SF:C:\WorkingFolder\X3\Istanbul\Examples\4GL\TRT\External\ZISTANBUL6.src
FNF:0
FNH:0
DA:2,1
DA:3,1
LF:2
LH:2
BRDA:3,1,0,0
BRDA:3,1,1,1
BRF:2
BRH:1
end_of_record
TN:
SF:C:\WorkingFolder\X3\Istanbul\Examples\4GL\TRT\External\ZISTANBUL7.src
FNF:0
FNH:0
DA:2,1
DA:3,1
LF:2
LH:2
BRDA:3,1,0,0
BRDA:3,1,1,1
BRF:2
BRH:1
end_of_record
TN:
SF:C:\WorkingFolder\X3\Istanbul\Examples\4GL\TRT\External\ZISTANBUL8.src
FNF:0
FNH:0
DA:2,1
DA:3,1
LF:2
LH:2
BRDA:3,1,0,0
BRDA:3,1,1,1
BRF:2
BRH:1
end_of_record
TN:
SF:C:\WorkingFolder\X3\Istanbul\Examples\4GL\TRT\External\ZISTANBUL9.src
FNF:0
FNH:0
DA:2,1
DA:3,1
LF:2
LH:2
BRDA:3,1,0,0
BRDA:3,1,1,1
BRF:2
BRH:1
end_of_record
TN:
SF:C:\WorkingFolder\X3\Istanbul\Examples\4GL\TRT\Financials\ZISTANBUL0.src
FNF:0
FNH:0
DA:2,1
DA:3,1
LF:2
LH:2
BRDA:3,1,0,0
BRDA:3,1,1,1
BRF:2
BRH:1
end_of_record
TN:
SF:C:\WorkingFolder\X3\Istanbul\Examples\4GL\TRT\Financials\ZISTANBUL1.src
FNF:0
FNH:0
DA:2,1
DA:3,1
LF:2
LH:2
BRDA:3,1,0,0
BRDA:3,1,1,1
BRF:2
BRH:1
end_of_record
TN:
SF:C:\WorkingFolder\X3\Istanbul\Examples\4GL\TRT\Financials\ZISTANBUL2.src
FNF:0
FNH:0
DA:2,1
DA:3,1
LF:2
LH:2
BRDA:3,1,0,0
BRDA:3,1,1,1
BRF:2
BRH:1
end_of_record
TN:
SF:C:\WorkingFolder\X3\Istanbul\Examples\4GL\TRT\Financials\ZISTANBUL3.src
FNF:0
FNH:0
DA:2,1
DA:3,1
LF:2
LH:2
BRDA:3,1,0,0
BRDA:3,1,1,1
BRF:2
BRH:1
end_of_record
TN:
SF:C:\WorkingFolder\X3\Istanbul\Examples\4GL\TRT\Financials\ZISTANBUL4.src
FNF:0
FNH:0
DA:2,1
DA:3,1
LF:2
LH:2
BRDA:3,1,0,0
BRDA:3,1,1,1
BRF:2
BRH:1
end_of_record
TN:
SF:C:\WorkingFolder\X3\Istanbul\Examples\4GL\TRT\Financials\ZISTANBUL5.src
FNF:0
FNH:0
DA:2,1
DA:3,1
LF:2
LH:2
BRDA:3,1,0,0
BRDA:3,1,1,1
BRF:2
BRH:1
end_of_record
TN:
SF:C:\WorkingFolder\X3\Istanbul\Examples\4GL\TRT\Financials\ZISTANBUL6.src
FNF:0
FNH:0
DA:2,1
DA:3,1
LF:2
LH:2
BRDA:3,1,0,0
BRDA:3,1,1,1
BRF:2
BRH:1
end_of_record
TN:
SF:C:\WorkingFolder\X3\Istanbul\Examples\4GL\TRT\Financials\ZISTANBUL7.src
FNF:0
FNH:0
DA:2,1
DA:3,1
LF:2
LH:2
BRDA:3,1,0,0
BRDA:3,1,1,1
BRF:2
BRH:1
end_of_record
TN:
SF:C:\WorkingFolder\X3\Istanbul\Examples\4GL\TRT\Financials\ZISTANBUL8.src
FNF:0
FNH:0
DA:2,1
DA:3,1
LF:2
LH:2
BRDA:3,1,0,0
BRDA:3,1,1,1
BRF:2
BRH:1
end_of_record
TN:
SF:C:\WorkingFolder\X3\Istanbul\Examples\4GL\TRT\Financials\ZISTANBUL9.src
FNF:0
FNH:0
DA:2,1
DA:3,1
LF:2
LH:2
BRDA:3,1,0,0
BRDA:3,1,1,1
BRF:2
BRH:1
end_of_record
TN:
SF:C:\WorkingFolder\X3\Istanbul\Examples\4GL\TRT\Fixed Assets\ZISTANBUL0.src
FNF:0
FNH:0
DA:2,1
DA:3,1
LF:2
LH:2
BRDA:3,1,0,0
BRDA:3,1,1,1
BRF:2
BRH:1
end_of_record
TN:
SF:C:\WorkingFolder\X3\Istanbul\Examples\4GL\TRT\Fixed Assets\ZISTANBUL1.src
FNF:0
FNH:0
DA:2,1
DA:3,1
LF:2
LH:2
BRDA:3,1,0,0
BRDA:3,1,1,1
BRF:2
BRH:1
end_of_record
TN:
SF:C:\WorkingFolder\X3\Istanbul\Examples\4GL\TRT\Fixed Assets\ZISTANBUL2.src
FNF:0
FNH:0
DA:2,1
DA:3,1
LF:2
LH:2
BRDA:3,1,0,0
BRDA:3,1,1,1
BRF:2
BRH:1
end_of_record
TN:
SF:C:\WorkingFolder\X3\Istanbul\Examples\4GL\TRT\Fixed Assets\ZISTANBUL3.src
FNF:0
FNH:0
DA:2,1
DA:3,1
LF:2
LH:2
BRDA:3,1,0,0
BRDA:3,1,1,1
BRF:2
BRH:1
end_of_record
TN:
SF:C:\WorkingFolder\X3\Istanbul\Examples\4GL\TRT\Fixed Assets\ZISTANBUL4.src
FNF:0
FNH:0
DA:2,1
DA:3,1
LF:2
LH:2
BRDA:3,1,0,0
BRDA:3,1,1,1
BRF:2
BRH:1
end_of_record
TN:
SF:C:\WorkingFolder\X3\Istanbul\Examples\4GL\TRT\Fixed Assets\ZISTANBUL5.src
FNF:0
FNH:0
DA:2,1
DA:3,1
LF:2
LH:2
BRDA:3,1,0,0
BRDA:3,1,1,1
BRF:2
BRH:1
end_of_record
TN:
SF:C:\WorkingFolder\X3\Istanbul\Examples\4GL\TRT\Fixed Assets\ZISTANBUL6.src
FNF:0
FNH:0
DA:2,1
DA:3,1
LF:2
LH:2
BRDA:3,1,0,0
BRDA:3,1,1,1
BRF:2
BRH:1
end_of_record
TN:
SF:C:\WorkingFolder\X3\Istanbul\Examples\4GL\TRT\Fixed Assets\ZISTANBUL7.src
FNF:0
FNH:0
DA:2,1
DA:3,1
LF:2
LH:2
BRDA:3,1,0,0
BRDA:3,1,1,1
BRF:2
BRH:1
end_of_record
TN:
SF:C:\WorkingFolder\X3\Istanbul\Examples\4GL\TRT\Fixed Assets\ZISTANBUL8.src
FNF:0
FNH:0
DA:2,1
DA:3,1
LF:2
LH:2
BRDA:3,1,0,0
BRDA:3,1,1,1
BRF:2
BRH:1
end_of_record
TN:
SF:C:\WorkingFolder\X3\Istanbul\Examples\4GL\TRT\Fixed Assets\ZISTANBUL9.src
FNF:0
FNH:0
DA:2,1
DA:3,1
LF:2
LH:2
BRDA:3,1,0,0
BRDA:3,1,1,1
BRF:2
BRH:1
end_of_record
TN:
SF:C:\WorkingFolder\X3\Istanbul\Examples\4GL\TRT\Help-Desk\ZISTANBUL0.src
FNF:0
FNH:0
DA:2,1
DA:3,1
LF:2
LH:2
BRDA:3,1,0,0
BRDA:3,1,1,1
BRF:2
BRH:1
end_of_record
TN:
SF:C:\WorkingFolder\X3\Istanbul\Examples\4GL\TRT\Help-Desk\ZISTANBUL1.src
FNF:0
FNH:0
DA:2,1
DA:3,1
LF:2
LH:2
BRDA:3,1,0,0
BRDA:3,1,1,1
BRF:2
BRH:1
end_of_record
TN:
SF:C:\WorkingFolder\X3\Istanbul\Examples\4GL\TRT\Help-Desk\ZISTANBUL2.src
FNF:0
FNH:0
DA:2,1
DA:3,1
LF:2
LH:2
BRDA:3,1,0,0
BRDA:3,1,1,1
BRF:2
BRH:1
end_of_record
TN:
SF:C:\WorkingFolder\X3\Istanbul\Examples\4GL\TRT\Help-Desk\ZISTANBUL3.src
FNF:0
FNH:0
DA:2,1
DA:3,1
LF:2
LH:2
BRDA:3,1,0,0
BRDA:3,1,1,1
BRF:2
BRH:1
end_of_record
TN:
SF:C:\WorkingFolder\X3\Istanbul\Examples\4GL\TRT\Help-Desk\ZISTANBUL4.src
FNF:0
FNH:0
DA:2,1
DA:3,1
LF:2
LH:2
BRDA:3,1,0,0
BRDA:3,1,1,1
BRF:2
BRH:1
end_of_record
TN:
SF:C:\WorkingFolder\X3\Istanbul\Examples\4GL\TRT\Help-Desk\ZISTANBUL5.src
FNF:0
FNH:0
DA:2,1
DA:3,1
LF:2
LH:2
BRDA:3,1,0,0
BRDA:3,1,1,1
BRF:2
BRH:1
end_of_record
TN:
SF:C:\WorkingFolder\X3\Istanbul\Examples\4GL\TRT\Help-Desk\ZISTANBUL6.src
FNF:0
FNH:0
DA:2,1
DA:3,1
LF:2
LH:2
BRDA:3,1,0,0
BRDA:3,1,1,1
BRF:2
BRH:1
end_of_record
TN:
SF:C:\WorkingFolder\X3\Istanbul\Examples\4GL\TRT\Help-Desk\ZISTANBUL7.src
FNF:0
FNH:0
DA:2,1
DA:3,1
LF:2
LH:2
BRDA:3,1,0,0
BRDA:3,1,1,1
BRF:2
BRH:1
end_of_record
TN:
SF:C:\WorkingFolder\X3\Istanbul\Examples\4GL\TRT\Help-Desk\ZISTANBUL8.src
FNF:0
FNH:0
DA:2,1
DA:3,1
LF:2
LH:2
BRDA:3,1,0,0
BRDA:3,1,1,1
BRF:2
BRH:1
end_of_record
TN:
SF:C:\WorkingFolder\X3\Istanbul\Examples\4GL\TRT\Help-Desk\ZISTANBUL9.src
FNF:0
FNH:0
DA:2,1
DA:3,1
LF:2
LH:2
BRDA:3,1,0,0
BRDA:3,1,1,1
BRF:2
BRH:1
end_of_record
TN:
SF:C:\WorkingFolder\X3\Istanbul\Examples\4GL\TRT\Human Capital management\ZISTANBUL0.src
FNF:0
FNH:0
DA:2,1
DA:3,1
LF:2
LH:2
BRDA:3,1,0,0
BRDA:3,1,1,1
BRF:2
BRH:1
end_of_record
TN:
SF:C:\WorkingFolder\X3\Istanbul\Examples\4GL\TRT\Human Capital management\ZISTANBUL1.src
FNF:0
FNH:0
DA:2,1
DA:3,1
LF:2
LH:2
BRDA:3,1,0,0
BRDA:3,1,1,1
BRF:2
BRH:1
end_of_record
TN:
SF:C:\WorkingFolder\X3\Istanbul\Examples\4GL\TRT\Human Capital management\ZISTANBUL2.src
FNF:0
FNH:0
DA:2,1
DA:3,1
LF:2
LH:2
BRDA:3,1,0,0
BRDA:3,1,1,1
BRF:2
BRH:1
end_of_record
TN:
SF:C:\WorkingFolder\X3\Istanbul\Examples\4GL\TRT\Human Capital management\ZISTANBUL3.src
FNF:0
FNH:0
DA:2,1
DA:3,1
LF:2
LH:2
BRDA:3,1,0,0
BRDA:3,1,1,1
BRF:2
BRH:1
end_of_record
TN:
SF:C:\WorkingFolder\X3\Istanbul\Examples\4GL\TRT\Human Capital management\ZISTANBUL4.src
FNF:0
FNH:0
DA:2,1
DA:3,1
LF:2
LH:2
BRDA:3,1,0,0
BRDA:3,1,1,1
BRF:2
BRH:1
end_of_record
TN:
SF:C:\WorkingFolder\X3\Istanbul\Examples\4GL\TRT\Human Capital management\ZISTANBUL5.src
FNF:0
FNH:0
DA:2,1
DA:3,1
LF:2
LH:2
BRDA:3,1,0,0
BRDA:3,1,1,1
BRF:2
BRH:1
end_of_record
TN:
SF:C:\WorkingFolder\X3\Istanbul\Examples\4GL\TRT\Human Capital management\ZISTANBUL6.src
FNF:0
FNH:0
DA:2,1
DA:3,1
LF:2
LH:2
BRDA:3,1,0,0
BRDA:3,1,1,1
BRF:2
BRH:1
end_of_record
TN:
SF:C:\WorkingFolder\X3\Istanbul\Examples\4GL\TRT\Human Capital management\ZISTANBUL7.src
FNF:0
FNH:0
DA:2,1
DA:3,1
LF:2
LH:2
BRDA:3,1,0,0
BRDA:3,1,1,1
BRF:2
BRH:1
end_of_record
TN:
SF:C:\WorkingFolder\X3\Istanbul\Examples\4GL\TRT\Human Capital management\ZISTANBUL8.src
FNF:0
FNH:0
DA:2,1
DA:3,1
LF:2
LH:2
BRDA:3,1,0,0
BRDA:3,1,1,1
BRF:2
BRH:1
end_of_record
TN:
SF:C:\WorkingFolder\X3\Istanbul\Examples\4GL\TRT\Human Capital management\ZISTANBUL9.src
FNF:0
FNH:0
DA:2,1
DA:3,1
LF:2
LH:2
BRDA:3,1,0,0
BRDA:3,1,1,1
BRF:2
BRH:1
end_of_record
TN:
SF:C:\WorkingFolder\X3\Istanbul\Examples\4GL\TRT\Human Resources administration\ZISTANBUL0.src
FNF:0
FNH:0
DA:2,1
DA:3,1
LF:2
LH:2
BRDA:3,1,0,0
BRDA:3,1,1,1
BRF:2
BRH:1
end_of_record
TN:
SF:C:\WorkingFolder\X3\Istanbul\Examples\4GL\TRT\Human Resources administration\ZISTANBUL1.src
FNF:0
FNH:0
DA:2,1
DA:3,1
LF:2
LH:2
BRDA:3,1,0,0
BRDA:3,1,1,1
BRF:2
BRH:1
end_of_record
TN:
SF:C:\WorkingFolder\X3\Istanbul\Examples\4GL\TRT\Human Resources administration\ZISTANBUL2.src
FNF:0
FNH:0
DA:2,1
DA:3,1
LF:2
LH:2
BRDA:3,1,0,0
BRDA:3,1,1,1
BRF:2
BRH:1
end_of_record
TN:
SF:C:\WorkingFolder\X3\Istanbul\Examples\4GL\TRT\Human Resources administration\ZISTANBUL3.src
FNF:0
FNH:0
DA:2,1
DA:3,1
LF:2
LH:2
BRDA:3,1,0,0
BRDA:3,1,1,1
BRF:2
BRH:1
end_of_record
TN:
SF:C:\WorkingFolder\X3\Istanbul\Examples\4GL\TRT\Human Resources administration\ZISTANBUL4.src
FNF:0
FNH:0
DA:2,1
DA:3,1
LF:2
LH:2
BRDA:3,1,0,0
BRDA:3,1,1,1
BRF:2
BRH:1
end_of_record
TN:
SF:C:\WorkingFolder\X3\Istanbul\Examples\4GL\TRT\Human Resources administration\ZISTANBUL5.src
FNF:0
FNH:0
DA:2,1
DA:3,1
LF:2
LH:2
BRDA:3,1,0,0
BRDA:3,1,1,1
BRF:2
BRH:1
end_of_record
TN:
SF:C:\WorkingFolder\X3\Istanbul\Examples\4GL\TRT\Human Resources administration\ZISTANBUL6.src
FNF:0
FNH:0
DA:2,1
DA:3,1
LF:2
LH:2
BRDA:3,1,0,0
BRDA:3,1,1,1
BRF:2
BRH:1
end_of_record
TN:
SF:C:\WorkingFolder\X3\Istanbul\Examples\4GL\TRT\Human Resources administration\ZISTANBUL7.src
FNF:0
FNH:0
DA:2,1
DA:3,1
LF:2
LH:2
BRDA:3,1,0,0
BRDA:3,1,1,1
BRF:2
BRH:1
end_of_record
TN:
SF:C:\WorkingFolder\X3\Istanbul\Examples\4GL\TRT\Human Resources administration\ZISTANBUL8.src
FNF:0
FNH:0
DA:2,1
DA:3,1
LF:2
LH:2
BRDA:3,1,0,0
BRDA:3,1,1,1
BRF:2
BRH:1
end_of_record
TN:
SF:C:\WorkingFolder\X3\Istanbul\Examples\4GL\TRT\Human Resources administration\ZISTANBUL9.src
FNF:0
FNH:0
DA:2,1
DA:3,1
LF:2
LH:2
BRDA:3,1,0,0
BRDA:3,1,1,1
BRF:2
BRH:1
end_of_record
TN:
SF:C:\WorkingFolder\X3\Istanbul\Examples\4GL\TRT\Manufacturing\ZISTANBUL0.src
FNF:0
FNH:0
DA:2,1
DA:3,1
LF:2
LH:2
BRDA:3,1,0,0
BRDA:3,1,1,1
BRF:2
BRH:1
end_of_record
TN:
SF:C:\WorkingFolder\X3\Istanbul\Examples\4GL\TRT\Manufacturing\ZISTANBUL1.src
FNF:0
FNH:0
DA:2,1
DA:3,1
LF:2
LH:2
BRDA:3,1,0,0
BRDA:3,1,1,1
BRF:2
BRH:1
end_of_record
TN:
SF:C:\WorkingFolder\X3\Istanbul\Examples\4GL\TRT\Manufacturing\ZISTANBUL2.src
FNF:0
FNH:0
DA:2,1
DA:3,1
LF:2
LH:2
BRDA:3,1,0,0
BRDA:3,1,1,1
BRF:2
BRH:1
end_of_record
TN:
SF:C:\WorkingFolder\X3\Istanbul\Examples\4GL\TRT\Manufacturing\ZISTANBUL3.src
FNF:0
FNH:0
DA:2,1
DA:3,1
LF:2
LH:2
BRDA:3,1,0,0
BRDA:3,1,1,1
BRF:2
BRH:1
end_of_record
TN:
SF:C:\WorkingFolder\X3\Istanbul\Examples\4GL\TRT\Manufacturing\ZISTANBUL4.src
FNF:0
FNH:0
DA:2,1
DA:3,1
LF:2
LH:2
BRDA:3,1,0,0
BRDA:3,1,1,1
BRF:2
BRH:1
end_of_record
TN:
SF:C:\WorkingFolder\X3\Istanbul\Examples\4GL\TRT\Manufacturing\ZISTANBUL5.src
FNF:0
FNH:0
DA:2,1
DA:3,1
LF:2
LH:2
BRDA:3,1,0,0
BRDA:3,1,1,1
BRF:2
BRH:1
end_of_record
TN:
SF:C:\WorkingFolder\X3\Istanbul\Examples\4GL\TRT\Manufacturing\ZISTANBUL6.src
FNF:0
FNH:0
DA:2,1
DA:3,1
LF:2
LH:2
BRDA:3,1,0,0
BRDA:3,1,1,1
BRF:2
BRH:1
end_of_record
TN:
SF:C:\WorkingFolder\X3\Istanbul\Examples\4GL\TRT\Manufacturing\ZISTANBUL7.src
FNF:0
FNH:0
DA:2,1
DA:3,1
LF:2
LH:2
BRDA:3,1,0,0
BRDA:3,1,1,1
BRF:2
BRH:1
end_of_record
TN:
SF:C:\WorkingFolder\X3\Istanbul\Examples\4GL\TRT\Manufacturing\ZISTANBUL8.src
FNF:0
FNH:0
DA:2,1
DA:3,1
LF:2
LH:2
BRDA:3,1,0,0
BRDA:3,1,1,1
BRF:2
BRH:1
end_of_record
TN:
SF:C:\WorkingFolder\X3\Istanbul\Examples\4GL\TRT\Manufacturing\ZISTANBUL9.src
FNF:0
FNH:0
DA:2,1
DA:3,1
LF:2
LH:2
BRDA:3,1,0,0
BRDA:3,1,1,1
BRF:2
BRH:1
end_of_record
TN:
SF:C:\WorkingFolder\X3\Istanbul\Examples\4GL\TRT\Module Spe 1\ZISTANBUL0.src
FNF:0
FNH:0
DA:2,1
DA:3,1
LF:2
LH:2
BRDA:3,1,0,0
BRDA:3,1,1,1
BRF:2
BRH:1
end_of_record
TN:
SF:C:\WorkingFolder\X3\Istanbul\Examples\4GL\TRT\Module Spe 1\ZISTANBUL1.src
FNF:0
FNH:0
DA:2,1
DA:3,1
LF:2
LH:2
BRDA:3,1,0,0
BRDA:3,1,1,1
BRF:2
BRH:1
end_of_record
TN:
SF:C:\WorkingFolder\X3\Istanbul\Examples\4GL\TRT\Module Spe 1\ZISTANBUL2.src
FNF:0
FNH:0
DA:2,1
DA:3,1
LF:2
LH:2
BRDA:3,1,0,0
BRDA:3,1,1,1
BRF:2
BRH:1
end_of_record
TN:
SF:C:\WorkingFolder\X3\Istanbul\Examples\4GL\TRT\Module Spe 1\ZISTANBUL3.src
FNF:0
FNH:0
DA:2,1
DA:3,1
LF:2
LH:2
BRDA:3,1,0,0
BRDA:3,1,1,1
BRF:2
BRH:1
end_of_record
TN:
SF:C:\WorkingFolder\X3\Istanbul\Examples\4GL\TRT\Module Spe 1\ZISTANBUL4.src
FNF:0
FNH:0
DA:2,1
DA:3,1
LF:2
LH:2
BRDA:3,1,0,0
BRDA:3,1,1,1
BRF:2
BRH:1
end_of_record
TN:
SF:C:\WorkingFolder\X3\Istanbul\Examples\4GL\TRT\Module Spe 1\ZISTANBUL5.src
FNF:0
FNH:0
DA:2,1
DA:3,1
LF:2
LH:2
BRDA:3,1,0,0
BRDA:3,1,1,1
BRF:2
BRH:1
end_of_record
TN:
SF:C:\WorkingFolder\X3\Istanbul\Examples\4GL\TRT\Module Spe 1\ZISTANBUL6.src
FNF:0
FNH:0
DA:2,1
DA:3,1
LF:2
LH:2
BRDA:3,1,0,0
BRDA:3,1,1,1
BRF:2
BRH:1
end_of_record
TN:
SF:C:\WorkingFolder\X3\Istanbul\Examples\4GL\TRT\Module Spe 1\ZISTANBUL7.src
FNF:0
FNH:0
DA:2,1
DA:3,1
LF:2
LH:2
BRDA:3,1,0,0
BRDA:3,1,1,1
BRF:2
BRH:1
end_of_record
TN:
SF:C:\WorkingFolder\X3\Istanbul\Examples\4GL\TRT\Module Spe 1\ZISTANBUL8.src
FNF:0
FNH:0
DA:2,1
DA:3,1
LF:2
LH:2
BRDA:3,1,0,0
BRDA:3,1,1,1
BRF:2
BRH:1
end_of_record
TN:
SF:C:\WorkingFolder\X3\Istanbul\Examples\4GL\TRT\Module Spe 1\ZISTANBUL9.src
FNF:0
FNH:0
DA:2,1
DA:3,1
LF:2
LH:2
BRDA:3,1,0,0
BRDA:3,1,1,1
BRF:2
BRH:1
end_of_record
TN:
SF:C:\WorkingFolder\X3\Istanbul\Examples\4GL\TRT\Module Spe 2\ZISTANBUL0.src
FNF:0
FNH:0
DA:2,1
DA:3,1
LF:2
LH:2
BRDA:3,1,0,0
BRDA:3,1,1,1
BRF:2
BRH:1
end_of_record
TN:
SF:C:\WorkingFolder\X3\Istanbul\Examples\4GL\TRT\Module Spe 2\ZISTANBUL1.src
FNF:0
FNH:0
DA:2,1
DA:3,1
LF:2
LH:2
BRDA:3,1,0,0
BRDA:3,1,1,1
BRF:2
BRH:1
end_of_record
TN:
SF:C:\WorkingFolder\X3\Istanbul\Examples\4GL\TRT\Module Spe 2\ZISTANBUL2.src
FNF:0
FNH:0
DA:2,1
DA:3,1
LF:2
LH:2
BRDA:3,1,0,0
BRDA:3,1,1,1
BRF:2
BRH:1
end_of_record
TN:
SF:C:\WorkingFolder\X3\Istanbul\Examples\4GL\TRT\Module Spe 2\ZISTANBUL3.src
FNF:0
FNH:0
DA:2,1
DA:3,1
LF:2
LH:2
BRDA:3,1,0,0
BRDA:3,1,1,1
BRF:2
BRH:1
end_of_record
TN:
SF:C:\WorkingFolder\X3\Istanbul\Examples\4GL\TRT\Module Spe 2\ZISTANBUL4.src
FNF:0
FNH:0
DA:2,1
DA:3,1
LF:2
LH:2
BRDA:3,1,0,0
BRDA:3,1,1,1
BRF:2
BRH:1
end_of_record
TN:
SF:C:\WorkingFolder\X3\Istanbul\Examples\4GL\TRT\Module Spe 2\ZISTANBUL5.src
FNF:0
FNH:0
DA:2,1
DA:3,1
LF:2
LH:2
BRDA:3,1,0,0
BRDA:3,1,1,1
BRF:2
BRH:1
end_of_record
TN:
SF:C:\WorkingFolder\X3\Istanbul\Examples\4GL\TRT\Module Spe 2\ZISTANBUL6.src
FNF:0
FNH:0
DA:2,1
DA:3,1
LF:2
LH:2
BRDA:3,1,0,0
BRDA:3,1,1,1
BRF:2
BRH:1
end_of_record
TN:
SF:C:\WorkingFolder\X3\Istanbul\Examples\4GL\TRT\Module Spe 2\ZISTANBUL7.src
FNF:0
FNH:0
DA:2,1
DA:3,1
LF:2
LH:2
BRDA:3,1,0,0
BRDA:3,1,1,1
BRF:2
BRH:1
end_of_record
TN:
SF:C:\WorkingFolder\X3\Istanbul\Examples\4GL\TRT\Module Spe 2\ZISTANBUL8.src
FNF:0
FNH:0
DA:2,1
DA:3,1
LF:2
LH:2
BRDA:3,1,0,0
BRDA:3,1,1,1
BRF:2
BRH:1
end_of_record
TN:
SF:C:\WorkingFolder\X3\Istanbul\Examples\4GL\TRT\Module Spe 2\ZISTANBUL9.src
FNF:0
FNH:0
DA:2,1
DA:3,1
LF:2
LH:2
BRDA:3,1,0,0
BRDA:3,1,1,1
BRF:2
BRH:1
end_of_record
TN:
SF:C:\WorkingFolder\X3\Istanbul\Examples\4GL\TRT\Module Spe 3\ZISTANBUL0.src
FNF:0
FNH:0
DA:2,1
DA:3,1
LF:2
LH:2
BRDA:3,1,0,0
BRDA:3,1,1,1
BRF:2
BRH:1
end_of_record
TN:
SF:C:\WorkingFolder\X3\Istanbul\Examples\4GL\TRT\Module Spe 3\ZISTANBUL1.src
FNF:0
FNH:0
DA:2,1
DA:3,1
LF:2
LH:2
BRDA:3,1,0,0
BRDA:3,1,1,1
BRF:2
BRH:1
end_of_record
TN:
SF:C:\WorkingFolder\X3\Istanbul\Examples\4GL\TRT\Module Spe 3\ZISTANBUL2.src
FNF:0
FNH:0
DA:2,1
DA:3,1
LF:2
LH:2
BRDA:3,1,0,0
BRDA:3,1,1,1
BRF:2
BRH:1
end_of_record
TN:
SF:C:\WorkingFolder\X3\Istanbul\Examples\4GL\TRT\Module Spe 3\ZISTANBUL3.src
FNF:0
FNH:0
DA:2,1
DA:3,1
LF:2
LH:2
BRDA:3,1,0,0
BRDA:3,1,1,1
BRF:2
BRH:1
end_of_record
TN:
SF:C:\WorkingFolder\X3\Istanbul\Examples\4GL\TRT\Module Spe 3\ZISTANBUL4.src
FNF:0
FNH:0
DA:2,1
DA:3,1
LF:2
LH:2
BRDA:3,1,0,0
BRDA:3,1,1,1
BRF:2
BRH:1
end_of_record
TN:
SF:C:\WorkingFolder\X3\Istanbul\Examples\4GL\TRT\Module Spe 3\ZISTANBUL5.src
FNF:0
FNH:0
DA:2,1
DA:3,1
LF:2
LH:2
BRDA:3,1,0,0
BRDA:3,1,1,1
BRF:2
BRH:1
end_of_record
TN:
SF:C:\WorkingFolder\X3\Istanbul\Examples\4GL\TRT\Module Spe 3\ZISTANBUL6.src
FNF:0
FNH:0
DA:2,1
DA:3,1
LF:2
LH:2
BRDA:3,1,0,0
BRDA:3,1,1,1
BRF:2
BRH:1
end_of_record
TN:
SF:C:\WorkingFolder\X3\Istanbul\Examples\4GL\TRT\Module Spe 3\ZISTANBUL7.src
FNF:0
FNH:0
DA:2,1
DA:3,1
LF:2
LH:2
BRDA:3,1,0,0
BRDA:3,1,1,1
BRF:2
BRH:1
end_of_record
TN:
SF:C:\WorkingFolder\X3\Istanbul\Examples\4GL\TRT\Module Spe 3\ZISTANBUL8.src
FNF:0
FNH:0
DA:2,1
DA:3,1
LF:2
LH:2
BRDA:3,1,0,0
BRDA:3,1,1,1
BRF:2
BRH:1
end_of_record
TN:
SF:C:\WorkingFolder\X3\Istanbul\Examples\4GL\TRT\Module Spe 3\ZISTANBUL9.src
FNF:0
FNH:0
DA:2,1
DA:3,1
LF:2
LH:2
BRDA:3,1,0,0
BRDA:3,1,1,1
BRF:2
BRH:1
end_of_record
TN:
SF:C:\WorkingFolder\X3\Istanbul\Examples\4GL\TRT\Module Spe 4\ZISTANBUL0.src
FNF:0
FNH:0
DA:2,1
DA:3,1
LF:2
LH:2
BRDA:3,1,0,0
BRDA:3,1,1,1
BRF:2
BRH:1
end_of_record
TN:
SF:C:\WorkingFolder\X3\Istanbul\Examples\4GL\TRT\Module Spe 4\ZISTANBUL1.src
FNF:0
FNH:0
DA:2,1
DA:3,1
LF:2
LH:2
BRDA:3,1,0,0
BRDA:3,1,1,1
BRF:2
BRH:1
end_of_record
TN:
SF:C:\WorkingFolder\X3\Istanbul\Examples\4GL\TRT\Module Spe 4\ZISTANBUL2.src
FNF:0
FNH:0
DA:2,1
DA:3,1
LF:2
LH:2
BRDA:3,1,0,0
BRDA:3,1,1,1
BRF:2
BRH:1
end_of_record
TN:
SF:C:\WorkingFolder\X3\Istanbul\Examples\4GL\TRT\Module Spe 4\ZISTANBUL3.src
FNF:0
FNH:0
DA:2,1
DA:3,1
LF:2
LH:2
BRDA:3,1,0,0
BRDA:3,1,1,1
BRF:2
BRH:1
end_of_record
TN:
SF:C:\WorkingFolder\X3\Istanbul\Examples\4GL\TRT\Module Spe 4\ZISTANBUL4.src
FNF:0
FNH:0
DA:2,1
DA:3,1
LF:2
LH:2
BRDA:3,1,0,0
BRDA:3,1,1,1
BRF:2
BRH:1
end_of_record
TN:
SF:C:\WorkingFolder\X3\Istanbul\Examples\4GL\TRT\Module Spe 4\ZISTANBUL5.src
FNF:0
FNH:0
DA:2,1
DA:3,1
LF:2
LH:2
BRDA:3,1,0,0
BRDA:3,1,1,1
BRF:2
BRH:1
end_of_record
TN:
SF:C:\WorkingFolder\X3\Istanbul\Examples\4GL\TRT\Module Spe 4\ZISTANBUL6.src
FNF:0
FNH:0
DA:2,1
DA:3,1
LF:2
LH:2
BRDA:3,1,0,0
BRDA:3,1,1,1
BRF:2
BRH:1
end_of_record
TN:
SF:C:\WorkingFolder\X3\Istanbul\Examples\4GL\TRT\Module Spe 4\ZISTANBUL7.src
FNF:0
FNH:0
DA:2,1
DA:3,1
LF:2
LH:2
BRDA:3,1,0,0
BRDA:3,1,1,1
BRF:2
BRH:1
end_of_record
TN:
SF:C:\WorkingFolder\X3\Istanbul\Examples\4GL\TRT\Module Spe 4\ZISTANBUL8.src
FNF:0
FNH:0
DA:2,1
DA:3,1
LF:2
LH:2
BRDA:3,1,0,0
BRDA:3,1,1,1
BRF:2
BRH:1
end_of_record
TN:
SF:C:\WorkingFolder\X3\Istanbul\Examples\4GL\TRT\Module Spe 4\ZISTANBUL9.src
FNF:0
FNH:0
DA:2,1
DA:3,1
LF:2
LH:2
BRDA:3,1,0,0
BRDA:3,1,1,1
BRF:2
BRH:1
end_of_record
TN:
SF:C:\WorkingFolder\X3\Istanbul\Examples\4GL\TRT\Purchasing\ZISTANBUL0.src
FNF:0
FNH:0
DA:2,1
DA:3,1
LF:2
LH:2
BRDA:3,1,0,0
BRDA:3,1,1,1
BRF:2
BRH:1
end_of_record
TN:
SF:C:\WorkingFolder\X3\Istanbul\Examples\4GL\TRT\Purchasing\ZISTANBUL1.src
FNF:0
FNH:0
DA:2,1
DA:3,1
LF:2
LH:2
BRDA:3,1,0,0
BRDA:3,1,1,1
BRF:2
BRH:1
end_of_record
TN:
SF:C:\WorkingFolder\X3\Istanbul\Examples\4GL\TRT\Purchasing\ZISTANBUL2.src
FNF:0
FNH:0
DA:2,1
DA:3,1
LF:2
LH:2
BRDA:3,1,0,0
BRDA:3,1,1,1
BRF:2
BRH:1
end_of_record
TN:
SF:C:\WorkingFolder\X3\Istanbul\Examples\4GL\TRT\Purchasing\ZISTANBUL3.src
FNF:0
FNH:0
DA:2,1
DA:3,1
LF:2
LH:2
BRDA:3,1,0,0
BRDA:3,1,1,1
BRF:2
BRH:1
end_of_record
TN:
SF:C:\WorkingFolder\X3\Istanbul\Examples\4GL\TRT\Purchasing\ZISTANBUL4.src
FNF:0
FNH:0
DA:2,1
DA:3,1
LF:2
LH:2
BRDA:3,1,0,0
BRDA:3,1,1,1
BRF:2
BRH:1
end_of_record
TN:
SF:C:\WorkingFolder\X3\Istanbul\Examples\4GL\TRT\Purchasing\ZISTANBUL5.src
FNF:0
FNH:0
DA:2,1
DA:3,1
LF:2
LH:2
BRDA:3,1,0,0
BRDA:3,1,1,1
BRF:2
BRH:1
end_of_record
TN:
SF:C:\WorkingFolder\X3\Istanbul\Examples\4GL\TRT\Purchasing\ZISTANBUL6.src
FNF:0
FNH:0
DA:2,1
DA:3,1
LF:2
LH:2
BRDA:3,1,0,0
BRDA:3,1,1,1
BRF:2
BRH:1
end_of_record
TN:
SF:C:\WorkingFolder\X3\Istanbul\Examples\4GL\TRT\Purchasing\ZISTANBUL7.src
FNF:0
FNH:0
DA:2,1
DA:3,1
LF:2
LH:2
BRDA:3,1,0,0
BRDA:3,1,1,1
BRF:2
BRH:1
end_of_record
TN:
SF:C:\WorkingFolder\X3\Istanbul\Examples\4GL\TRT\Purchasing\ZISTANBUL8.src
FNF:0
FNH:0
DA:2,1
DA:3,1
LF:2
LH:2
BRDA:3,1,0,0
BRDA:3,1,1,1
BRF:2
BRH:1
end_of_record
TN:
SF:C:\WorkingFolder\X3\Istanbul\Examples\4GL\TRT\Purchasing\ZISTANBUL9.src
FNF:0
FNH:0
DA:2,1
DA:3,1
LF:2
LH:2
BRDA:3,1,0,0
BRDA:3,1,1,1
BRF:2
BRH:1
end_of_record
TN:
SF:C:\WorkingFolder\X3\Istanbul\Examples\4GL\TRT\Sage X3 Internals\ZISTANBUL0.src
FNF:0
FNH:0
DA:2,1
DA:3,1
LF:2
LH:2
BRDA:3,1,0,0
BRDA:3,1,1,1
BRF:2
BRH:1
end_of_record
TN:
SF:C:\WorkingFolder\X3\Istanbul\Examples\4GL\TRT\Sage X3 Internals\ZISTANBUL1.src
FNF:0
FNH:0
DA:2,1
DA:3,1
LF:2
LH:2
BRDA:3,1,0,0
BRDA:3,1,1,1
BRF:2
BRH:1
end_of_record
TN:
SF:C:\WorkingFolder\X3\Istanbul\Examples\4GL\TRT\Sage X3 Internals\ZISTANBUL2.src
FNF:0
FNH:0
DA:2,1
DA:3,1
LF:2
LH:2
BRDA:3,1,0,0
BRDA:3,1,1,1
BRF:2
BRH:1
end_of_record
TN:
SF:C:\WorkingFolder\X3\Istanbul\Examples\4GL\TRT\Sage X3 Internals\ZISTANBUL3.src
FNF:0
FNH:0
DA:2,1
DA:3,1
LF:2
LH:2
BRDA:3,1,0,0
BRDA:3,1,1,1
BRF:2
BRH:1
end_of_record
TN:
SF:C:\WorkingFolder\X3\Istanbul\Examples\4GL\TRT\Sage X3 Internals\ZISTANBUL4.src
FNF:0
FNH:0
DA:2,1
DA:3,1
LF:2
LH:2
BRDA:3,1,0,0
BRDA:3,1,1,1
BRF:2
BRH:1
end_of_record
TN:
SF:C:\WorkingFolder\X3\Istanbul\Examples\4GL\TRT\Sage X3 Internals\ZISTANBUL5.src
FNF:0
FNH:0
DA:2,1
DA:3,1
LF:2
LH:2
BRDA:3,1,0,0
BRDA:3,1,1,1
BRF:2
BRH:1
end_of_record
TN:
SF:C:\WorkingFolder\X3\Istanbul\Examples\4GL\TRT\Sage X3 Internals\ZISTANBUL6.src
FNF:0
FNH:0
DA:2,1
DA:3,1
LF:2
LH:2
BRDA:3,1,0,0
BRDA:3,1,1,1
BRF:2
BRH:1
end_of_record
TN:
SF:C:\WorkingFolder\X3\Istanbul\Examples\4GL\TRT\Sage X3 Internals\ZISTANBUL7.src
FNF:0
FNH:0
DA:2,1
DA:3,1
LF:2
LH:2
BRDA:3,1,0,0
BRDA:3,1,1,1
BRF:2
BRH:1
end_of_record
TN:
SF:C:\WorkingFolder\X3\Istanbul\Examples\4GL\TRT\Sage X3 Internals\ZISTANBUL8.src
FNF:0
FNH:0
DA:2,1
DA:3,1
LF:2
LH:2
BRDA:3,1,0,0
BRDA:3,1,1,1
BRF:2
BRH:1
end_of_record
TN:
SF:C:\WorkingFolder\X3\Istanbul\Examples\4GL\TRT\Sage X3 Internals\ZISTANBUL9.src
FNF:0
FNH:0
DA:2,1
DA:3,1
LF:2
LH:2
BRDA:3,1,0,0
BRDA:3,1,1,1
BRF:2
BRH:1
end_of_record
TN:
SF:C:\WorkingFolder\X3\Istanbul\Examples\4GL\TRT\Sales\ZISTANBUL0.src
FNF:0
FNH:0
DA:2,1
DA:3,1
LF:2
LH:2
BRDA:3,1,0,0
BRDA:3,1,1,1
BRF:2
BRH:1
end_of_record
TN:
SF:C:\WorkingFolder\X3\Istanbul\Examples\4GL\TRT\Sales\ZISTANBUL1.src
FNF:0
FNH:0
DA:2,1
DA:3,1
LF:2
LH:2
BRDA:3,1,0,0
BRDA:3,1,1,1
BRF:2
BRH:1
end_of_record
TN:
SF:C:\WorkingFolder\X3\Istanbul\Examples\4GL\TRT\Sales\ZISTANBUL2.src
FNF:0
FNH:0
DA:2,1
DA:3,1
LF:2
LH:2
BRDA:3,1,0,0
BRDA:3,1,1,1
BRF:2
BRH:1
end_of_record
TN:
SF:C:\WorkingFolder\X3\Istanbul\Examples\4GL\TRT\Sales\ZISTANBUL3.src
FNF:0
FNH:0
DA:2,1
DA:3,1
LF:2
LH:2
BRDA:3,1,0,0
BRDA:3,1,1,1
BRF:2
BRH:1
end_of_record
TN:
SF:C:\WorkingFolder\X3\Istanbul\Examples\4GL\TRT\Sales\ZISTANBUL4.src
FNF:0
FNH:0
DA:2,1
DA:3,1
LF:2
LH:2
BRDA:3,1,0,0
BRDA:3,1,1,1
BRF:2
BRH:1
end_of_record
TN:
SF:C:\WorkingFolder\X3\Istanbul\Examples\4GL\TRT\Sales\ZISTANBUL5.src
FNF:0
FNH:0
DA:2,1
DA:3,1
LF:2
LH:2
BRDA:3,1,0,0
BRDA:3,1,1,1
BRF:2
BRH:1
end_of_record
TN:
SF:C:\WorkingFolder\X3\Istanbul\Examples\4GL\TRT\Sales\ZISTANBUL6.src
FNF:0
FNH:0
DA:2,1
DA:3,1
LF:2
LH:2
BRDA:3,1,0,0
BRDA:3,1,1,1
BRF:2
BRH:1
end_of_record
TN:
SF:C:\WorkingFolder\X3\Istanbul\Examples\4GL\TRT\Sales\ZISTANBUL7.src
FNF:0
FNH:0
DA:2,1
DA:3,1
LF:2
LH:2
BRDA:3,1,0,0
BRDA:3,1,1,1
BRF:2
BRH:1
end_of_record
TN:
SF:C:\WorkingFolder\X3\Istanbul\Examples\4GL\TRT\Sales\ZISTANBUL8.src
FNF:0
FNH:0
DA:2,1
DA:3,1
LF:2
LH:2
BRDA:3,1,0,0
BRDA:3,1,1,1
BRF:2
BRH:1
end_of_record
TN:
SF:C:\WorkingFolder\X3\Istanbul\Examples\4GL\TRT\Sales\ZISTANBUL9.src
FNF:0
FNH:0
DA:2,1
DA:3,1
LF:2
LH:2
BRDA:3,1,0,0
BRDA:3,1,1,1
BRF:2
BRH:1
end_of_record
TN:
SF:C:\WorkingFolder\X3\Istanbul\Examples\4GL\TRT\Stock\ZISTANBUL0.src
FNF:0
FNH:0
DA:2,1
DA:3,1
LF:2
LH:2
BRDA:3,1,0,0
BRDA:3,1,1,1
BRF:2
BRH:1
end_of_record
TN:
SF:C:\WorkingFolder\X3\Istanbul\Examples\4GL\TRT\Stock\ZISTANBUL1.src
FNF:0
FNH:0
DA:2,1
DA:3,1
LF:2
LH:2
BRDA:3,1,0,0
BRDA:3,1,1,1
BRF:2
BRH:1
end_of_record
TN:
SF:C:\WorkingFolder\X3\Istanbul\Examples\4GL\TRT\Stock\ZISTANBUL2.src
FNF:0
FNH:0
DA:2,1
DA:3,1
LF:2
LH:2
BRDA:3,1,0,0
BRDA:3,1,1,1
BRF:2
BRH:1
end_of_record
TN:
SF:C:\WorkingFolder\X3\Istanbul\Examples\4GL\TRT\Stock\ZISTANBUL3.src
FNF:0
FNH:0
DA:2,1
DA:3,1
LF:2
LH:2
BRDA:3,1,0,0
BRDA:3,1,1,1
BRF:2
BRH:1
end_of_record
TN:
SF:C:\WorkingFolder\X3\Istanbul\Examples\4GL\TRT\Stock\ZISTANBUL4.src
FNF:0
FNH:0
DA:2,1
DA:3,1
LF:2
LH:2
BRDA:3,1,0,0
BRDA:3,1,1,1
BRF:2
BRH:1
end_of_record
TN:
SF:C:\WorkingFolder\X3\Istanbul\Examples\4GL\TRT\Stock\ZISTANBUL5.src
FNF:0
FNH:0
DA:2,1
DA:3,1
LF:2
LH:2
BRDA:3,1,0,0
BRDA:3,1,1,1
BRF:2
BRH:1
end_of_record
TN:
SF:C:\WorkingFolder\X3\Istanbul\Examples\4GL\TRT\Stock\ZISTANBUL6.src
FNF:0
FNH:0
DA:2,1
DA:3,1
LF:2
LH:2
BRDA:3,1,0,0
BRDA:3,1,1,1
BRF:2
BRH:1
end_of_record
TN:
SF:C:\WorkingFolder\X3\Istanbul\Examples\4GL\TRT\Stock\ZISTANBUL7.src
FNF:0
FNH:0
DA:2,1
DA:3,1
LF:2
LH:2
BRDA:3,1,0,0
BRDA:3,1,1,1
BRF:2
BRH:1
end_of_record
TN:
SF:C:\WorkingFolder\X3\Istanbul\Examples\4GL\TRT\Stock\ZISTANBUL8.src
FNF:0
FNH:0
DA:2,1
DA:3,1
LF:2
LH:2
BRDA:3,1,0,0
BRDA:3,1,1,1
BRF:2
BRH:1
end_of_record
TN:
SF:C:\WorkingFolder\X3\Istanbul\Examples\4GL\TRT\Stock\ZISTANBUL9.src
FNF:0
FNH:0
DA:2,1
DA:3,1
LF:2
LH:2
BRDA:3,1,0,0
BRDA:3,1,1,1
BRF:2
BRH:1
end_of_record
TN:
SF:C:\WorkingFolder\X3\Istanbul\Examples\4GL\TRT\Supervisor\ZISTANBUL0.src
FNF:0
FNH:0
DA:2,1
DA:3,1
LF:2
LH:2
BRDA:3,1,0,0
BRDA:3,1,1,1
BRF:2
BRH:1
end_of_record
TN:
SF:C:\WorkingFolder\X3\Istanbul\Examples\4GL\TRT\Supervisor\ZISTANBUL1.src
FNF:0
FNH:0
DA:2,1
DA:3,1
LF:2
LH:2
BRDA:3,1,0,0
BRDA:3,1,1,1
BRF:2
BRH:1
end_of_record
TN:
SF:C:\WorkingFolder\X3\Istanbul\Examples\4GL\TRT\Supervisor\ZISTANBUL2.src
FNF:0
FNH:0
DA:2,1
DA:3,1
LF:2
LH:2
BRDA:3,1,0,0
BRDA:3,1,1,1
BRF:2
BRH:1
end_of_record
TN:
SF:C:\WorkingFolder\X3\Istanbul\Examples\4GL\TRT\Supervisor\ZISTANBUL3.src
FNF:0
FNH:0
DA:2,1
DA:3,1
LF:2
LH:2
BRDA:3,1,0,0
BRDA:3,1,1,1
BRF:2
BRH:1
end_of_record
TN:
SF:C:\WorkingFolder\X3\Istanbul\Examples\4GL\TRT\Supervisor\ZISTANBUL4.src
FNF:0
FNH:0
DA:2,1
DA:3,1
LF:2
LH:2
BRDA:3,1,0,0
BRDA:3,1,1,1
BRF:2
BRH:1
end_of_record
TN:
SF:C:\WorkingFolder\X3\Istanbul\Examples\4GL\TRT\Supervisor\ZISTANBUL5.src
FNF:0
FNH:0
DA:2,1
DA:3,1
LF:2
LH:2
BRDA:3,1,0,0
BRDA:3,1,1,1
BRF:2
BRH:1
end_of_record
TN:
SF:C:\WorkingFolder\X3\Istanbul\Examples\4GL\TRT\Supervisor\ZISTANBUL6.src
FNF:0
FNH:0
DA:2,1
DA:3,1
LF:2
LH:2
BRDA:3,1,0,0
BRDA:3,1,1,1
BRF:2
BRH:1
end_of_record
TN:
SF:C:\WorkingFolder\X3\Istanbul\Examples\4GL\TRT\Supervisor\ZISTANBUL7.src
FNF:0
FNH:0
DA:2,1
DA:3,1
LF:2
LH:2
BRDA:3,1,0,0
BRDA:3,1,1,1
BRF:2
BRH:1
end_of_record
TN:
SF:C:\WorkingFolder\X3\Istanbul\Examples\4GL\TRT\Supervisor\ZISTANBUL8.src
FNF:0
FNH:0
DA:2,1
DA:3,1
LF:2
LH:2
BRDA:3,1,0,0
BRDA:3,1,1,1
BRF:2
BRH:1
end_of_record
TN:
SF:C:\WorkingFolder\X3\Istanbul\Examples\4GL\TRT\Supervisor\ZISTANBUL9.src
FNF:0
FNH:0
DA:2,1
DA:3,1
LF:2
LH:2
BRDA:3,1,0,0
BRDA:3,1,1,1
BRF:2
BRH:1
end_of_record
